<?xml version="1.0" encoding="UTF-8"?>
<testng-results ignored="0" total="2" passed="2" failed="0" skipped="0">
  <reporter-output>
  </reporter-output>
  <suite started-at="2024-01-07T13:12:45 IST" name="Default suite" finished-at="2024-01-07T13:12:48 IST" duration-ms="3223">
    <groups>
    </groups>
    <test started-at="2024-01-07T13:12:45 IST" name="Default test" finished-at="2024-01-07T13:12:48 IST" duration-ms="3223">
      <class name="files.StaticJson">
        <test-method signature="staticAddBook()[pri:0, instance:files.StaticJson@6dc17b83]" started-at="2024-01-07T13:12:45 IST" name="staticAddBook" finished-at="2024-01-07T13:12:47 IST" duration-ms="2537" status="PASS">
          <reporter-output>
          </reporter-output>
        </test-method> <!-- staticAddBook -->
        <test-method signature="staticAddBookBy()[pri:0, instance:files.StaticJson@6dc17b83]" started-at="2024-01-07T13:12:47 IST" name="staticAddBookBy" finished-at="2024-01-07T13:12:48 IST" duration-ms="634" status="PASS">
          <reporter-output>
          </reporter-output>
        </test-method> <!-- staticAddBookBy -->
      </class> <!-- files.StaticJson -->
    </test> <!-- Default test -->
  </suite> <!-- Default suite -->
</testng-results>
